.gradle-build/capacitor-camera/intermediates/manifest_merge_blame_file/debug/processDebugManifest/manifest-merger-blame-debug-report.txt
1<?xml version="1.0" encoding="utf-8"?>
2<manifest xmlns:android="http://schemas.android.com/apk/res/android"
3    package="com.capacitorjs.plugins.camera" >
4
5    <uses-sdk android:minSdkVersion="23" />
6
7    <queries>
7-->src\main\AndroidManifest.xml:2:5-6:15
8        <intent>
8-->src\main\AndroidManifest.xml:3:9-5:18
9            <action android:name="android.media.action.IMAGE_CAPTURE" />
9-->src\main\AndroidManifest.xml:4:13-73
9-->src\main\AndroidManifest.xml:4:21-70
10        </intent>
11    </queries>
12
13</manifest>